2026-02-17 11:59:45,505 [R0|Linux|INFO] ============================================================
2026-02-17 11:59:45,505 [R0|Linux|INFO]  Starting Training 
2026-02-17 11:59:45,505 [R0|Linux|INFO]  Device: cuda:0 | World Size: 1
2026-02-17 11:59:45,505 [R0|Linux|INFO]  Output Dir: /home/elevy/Documents/coding/tunet/models/ACTS_model_roto
2026-02-17 11:59:45,507 [R0|Linux|DEBUG] --- Effective Configuration ---
data:
  src_dir: /home/elevy/Downloads/ACTS_roto/ACTS_roto_src
  dst_dir: /home/elevy/Downloads/ACTS_roto/ACTS_roto_dst
  output_dir: /home/elevy/Documents/coding/tunet/models/ACTS_model_roto
  resolution: 512
  overlap_factor: 0.25
  mask_dir: null
mask:
  use_mask_loss: false
  mask_weight: 10.0
  use_mask_input: false
model:
  model_size_dims: 128
dataloader:
  datasets:
    src_augs: []
    dst_augs: []
    shared_augs: []
  num_workers: 2
  prefetch_factor: 2
training:
  iterations_per_epoch: 500
  batch_size: 4
  lr: 0.0001
  loss: l1
  lambda_lpips: 1.0
  use_amp: true
  num_workers: 4
  prefetch_factor: 2
logging:
  log_interval: 5
  preview_batch_interval: 35
  preview_refresh_rate: 5
saving:
  keep_last_checkpoints: 4
  save_iterations_interval: 0
-----------------------------
2026-02-17 11:59:45,507 [R0|Linux|INFO] ============================================================
2026-02-17 11:59:45,508 [R0|Linux|INFO] >>> Press Ctrl+C for graceful shutdown <<<
2026-02-17 11:59:45,510 [R0|Linux|DEBUG] Augmentation pipelines created (if configured).
2026-02-17 11:59:45,510 [R0|Linux|DEBUG] Dataset searching: /home/elevy/Downloads/ACTS_roto/ACTS_roto_src/*.*
2026-02-17 11:59:45,511 [R0|Linux|DEBUG] Found 60 potential source files.
2026-02-17 11:59:48,092 [R0|Linux|INFO] Dataset Init: Processed 0/60 files -> 0 slices. Skipped 60 files.
2026-02-17 11:59:48,093 [R0|Linux|WARNING] --- Top 5 File Skip Reasons ---
2026-02-17 11:59:48,093 [R0|Linux|WARNING]   - Act_2_stab_L.02863740.exr: Dims mismatch: src=622x622 dst=75x140
2026-02-17 11:59:48,093 [R0|Linux|WARNING]   - Act_2_stab_L.02863940.exr: Dims mismatch: src=622x622 dst=118x242
2026-02-17 11:59:48,093 [R0|Linux|WARNING]   - Act_2_stab_L.02864080.exr: Dims mismatch: src=622x622 dst=304x422
2026-02-17 11:59:48,093 [R0|Linux|WARNING]   - Act_2_stab_L.02864380.exr: Dims mismatch: src=622x622 dst=275x146
2026-02-17 11:59:48,093 [R0|Linux|WARNING]   - Act_2_stab_L.02864430.exr: Dims mismatch: src=622x622 dst=306x243
2026-02-17 11:59:48,093 [R0|Linux|WARNING]   ... (55 more)
2026-02-17 11:59:48,093 [R0|Linux|WARNING] -----------------------------
2026-02-17 11:59:48,093 [R0|Linux|ERROR] CRITICAL: Dataset has 0 usable slices. All 60 potential files skipped.
2026-02-17 11:59:48,093 [R0|Linux|ERROR] FATAL: Dataset/DataLoader init failed: CRITICAL: Dataset has 0 usable slices. All 60 potential files skipped.. Exiting.
Traceback (most recent call last):
  File "/home/elevy/Documents/coding/tunet/train.py", line 715, in train
    dataset = AugmentedImagePairSlicingDataset(config.data.src_dir, config.data.dst_dir, config.data.resolution, config.data.overlap_factor, src_transforms, dst_transforms, shared_transforms, standard_transform, mask_dir=config.data.mask_dir if use_masks else None)
              ^^^^^^^^^^^^^^^^^^^^^^^^^^^^^^^^^^^^^^^^^^^^^^^^^^^^^^^^^^^^^^^^^^^^^^^^^^^^^^^^^^^^^^^^^^^^^^^^^^^^^^^^^^^^^^^^^^^^^^^^^^^^^^^^^^^^^^^^^^^^^^^^^^^^^^^^^^^^^^^^^^^^^^^^^^^^^^^^^^^^^^^^^^^^^^^^^^^^^^^^^^^^^^^^^^^^^^^^^^^^^^^^^^^^^^^^^^^^^^^^^^^^^^^^^^^
  File "/home/elevy/Documents/coding/tunet/train.py", line 468, in __init__
    raise ValueError(err_msg)
ValueError: CRITICAL: Dataset has 0 usable slices. All 60 potential files skipped.
2026-02-17 12:16:02,348 [R0|Linux|INFO] ============================================================
2026-02-17 12:16:02,349 [R0|Linux|INFO]  Starting Training 
2026-02-17 12:16:02,349 [R0|Linux|INFO]  Device: cuda:0 | World Size: 1
2026-02-17 12:16:02,349 [R0|Linux|INFO]  Output Dir: /home/elevy/Documents/coding/tunet/models/ACTS_model_roto
2026-02-17 12:16:02,352 [R0|Linux|DEBUG] --- Effective Configuration ---
data:
  src_dir: /home/elevy/Downloads/ACTS_roto/ACTS_roto_src
  dst_dir: /home/elevy/Downloads/ACTS_roto/ACTS_roto_dst
  output_dir: /home/elevy/Documents/coding/tunet/models/ACTS_model_roto
  resolution: 512
  overlap_factor: 0.25
  mask_dir: null
mask:
  use_mask_loss: false
  mask_weight: 10.0
  use_mask_input: false
model:
  model_size_dims: 128
dataloader:
  datasets:
    src_augs: []
    dst_augs: []
    shared_augs: []
  num_workers: 2
  prefetch_factor: 2
training:
  iterations_per_epoch: 500
  batch_size: 4
  lr: 0.0001
  loss: l1
  lambda_lpips: 1.0
  use_amp: true
  num_workers: 4
  prefetch_factor: 2
logging:
  log_interval: 5
  preview_batch_interval: 35
  preview_refresh_rate: 5
saving:
  keep_last_checkpoints: 4
  save_iterations_interval: 0
-----------------------------
2026-02-17 12:16:02,353 [R0|Linux|INFO] ============================================================
2026-02-17 12:16:02,353 [R0|Linux|INFO] >>> Press Ctrl+C for graceful shutdown <<<
2026-02-17 12:16:02,357 [R0|Linux|DEBUG] Augmentation pipelines created (if configured).
2026-02-17 12:16:02,357 [R0|Linux|DEBUG] Dataset searching: /home/elevy/Downloads/ACTS_roto/ACTS_roto_src/*.*
2026-02-17 12:16:02,358 [R0|Linux|DEBUG] Found 60 potential source files.
2026-02-17 12:16:05,622 [R0|Linux|INFO] Dataset Init: Processed 0/60 files -> 0 slices. Skipped 60 files.
2026-02-17 12:16:05,622 [R0|Linux|WARNING] --- Top 5 File Skip Reasons ---
2026-02-17 12:16:05,622 [R0|Linux|WARNING]   - Act_2_stab_L.02863740.exr: Dims mismatch: src=622x622 dst=75x140
2026-02-17 12:16:05,622 [R0|Linux|WARNING]   - Act_2_stab_L.02863940.exr: Dims mismatch: src=622x622 dst=118x242
2026-02-17 12:16:05,622 [R0|Linux|WARNING]   - Act_2_stab_L.02864080.exr: Dims mismatch: src=622x622 dst=304x422
2026-02-17 12:16:05,622 [R0|Linux|WARNING]   - Act_2_stab_L.02864380.exr: Dims mismatch: src=622x622 dst=275x146
2026-02-17 12:16:05,623 [R0|Linux|WARNING]   - Act_2_stab_L.02864430.exr: Dims mismatch: src=622x622 dst=306x243
2026-02-17 12:16:05,623 [R0|Linux|WARNING]   ... (55 more)
2026-02-17 12:16:05,623 [R0|Linux|WARNING] -----------------------------
2026-02-17 12:16:05,623 [R0|Linux|ERROR] CRITICAL: Dataset has 0 usable slices. All 60 potential files skipped.
2026-02-17 12:16:05,623 [R0|Linux|ERROR] FATAL: Dataset/DataLoader init failed: CRITICAL: Dataset has 0 usable slices. All 60 potential files skipped.. Exiting.
Traceback (most recent call last):
  File "/home/elevy/Documents/coding/tunet/train.py", line 715, in train
    dataset = AugmentedImagePairSlicingDataset(config.data.src_dir, config.data.dst_dir, config.data.resolution, config.data.overlap_factor, src_transforms, dst_transforms, shared_transforms, standard_transform, mask_dir=config.data.mask_dir if use_masks else None)
              ^^^^^^^^^^^^^^^^^^^^^^^^^^^^^^^^^^^^^^^^^^^^^^^^^^^^^^^^^^^^^^^^^^^^^^^^^^^^^^^^^^^^^^^^^^^^^^^^^^^^^^^^^^^^^^^^^^^^^^^^^^^^^^^^^^^^^^^^^^^^^^^^^^^^^^^^^^^^^^^^^^^^^^^^^^^^^^^^^^^^^^^^^^^^^^^^^^^^^^^^^^^^^^^^^^^^^^^^^^^^^^^^^^^^^^^^^^^^^^^^^^^^^^^^^^^
  File "/home/elevy/Documents/coding/tunet/train.py", line 468, in __init__
    raise ValueError(err_msg)
ValueError: CRITICAL: Dataset has 0 usable slices. All 60 potential files skipped.
